<?xml version="1.0" encoding="UTF-8"?>
<testsuite xmlns:xsi="http://www.w3.org/2001/XMLSchema-instance" xsi:noNamespaceSchemaLocation="https://maven.apache.org/surefire/maven-surefire-plugin/xsd/surefire-test-report.xsd" name="com.digitalacademy.loan.controller.LoanControllerTest" time="4.723" tests="3" errors="0" skipped="0" failures="0">
  <properties>
[...]
</properties>
  <testcase name="testGetLoanInfoByIdEquals1" classname="com.digitalacademy.loan.controller.LoanControllerTest" time="0.276"/>
  <testcase name="testGetLoanInfoByIdEquals2" classname="com.digitalacademy.loan.controller.LoanControllerTest" time="0.042"/>
  <testcase name="testGetLoanInfoByIdEquals3" classname="com.digitalacademy.loan.controller.LoanControllerTest" time="0.047"/>
</testsuite>